<?xml version="1.0" encoding="UTF-8"?>
<!-- Generated by org.testng.reporters.JUnitXMLReporter -->
<testsuite hostname="DESKTOP-VI15RPK" ignored="4" name="Default test" tests="1" failures="0" timestamp="14 Jun 2017 08:07:53 GMT" time="20.819" errors="0">
  <testcase name="validAccountCreate" time="2.692" classname="MainProject.ProjectTest"/>
  <testcase name="accountCreat" time="0.0" classname="MainProject.ProjectTest">
    <ignored/>
  </testcase> <!-- accountCreat -->
  <testcase name="addCart" time="0.0" classname="MainProject.ProjectTest">
    <ignored/>
  </testcase> <!-- addCart -->
  <testcase name="productSearch" time="0.0" classname="MainProject.ProjectTest">
    <ignored/>
  </testcase> <!-- productSearch -->
  <testcase name="createNewValidAccount" time="0.0" classname="MainProject.ProjectTest">
    <ignored/>
  </testcase> <!-- createNewValidAccount -->
</testsuite> <!-- Default test -->
