<?xml version="1.0" encoding="UTF-8"?>
<testng-results skipped="0" failed="0" ignored="4" total="5" passed="1">
  <reporter-output>
  </reporter-output>
  <suite name="Default suite" duration-ms="20819" started-at="2017-06-14T08:07:32Z" finished-at="2017-06-14T08:07:53Z">
    <groups>
    </groups>
    <test name="Default test" duration-ms="20819" started-at="2017-06-14T08:07:32Z" finished-at="2017-06-14T08:07:53Z">
      <class name="MainProject.ProjectTest">
        <test-method status="PASS" signature="htmlReport()[pri:0, instance:MainProject.ProjectTest@4bec1f0c]" name="htmlReport" is-config="true" duration-ms="302" started-at="2017-06-14T04:07:32Z" finished-at="2017-06-14T04:07:32Z">
          <reporter-output>
          </reporter-output>
        </test-method> <!-- htmlReport -->
        <test-method status="PASS" signature="browser()[pri:0, instance:MainProject.ProjectTest@4bec1f0c]" name="browser" is-config="true" duration-ms="17568" started-at="2017-06-14T04:07:32Z" finished-at="2017-06-14T04:07:50Z">
          <reporter-output>
          </reporter-output>
        </test-method> <!-- browser -->
        <test-method status="PASS" signature="validAccountCreate()[pri:1, instance:MainProject.ProjectTest@4bec1f0c]" name="validAccountCreate" duration-ms="2692" started-at="2017-06-14T04:07:50Z" finished-at="2017-06-14T04:07:53Z">
          <reporter-output>
          </reporter-output>
        </test-method> <!-- validAccountCreate -->
        <test-method status="PASS" signature="browserClose(org.testng.ITestResult)[pri:0, instance:MainProject.ProjectTest@4bec1f0c]" name="browserClose" is-config="true" duration-ms="544" started-at="2017-06-14T04:07:53Z" finished-at="2017-06-14T04:07:53Z">
          <params>
            <param index="0">
              <value>
                <![CDATA[[TestResult name=validAccountCreate status=SUCCESS method=ProjectTest.validAccountCreate()[pri:1, instance:MainProject.ProjectTest@4bec1f0c] output={null}]]]>
              </value>
            </param>
          </params>
          <reporter-output>
          </reporter-output>
        </test-method> <!-- browserClose -->
      </class> <!-- MainProject.ProjectTest -->
    </test> <!-- Default test -->
  </suite> <!-- Default suite -->
</testng-results>
